2019-09-03 09:43:51,331 [Worker-19] INFO  o.e.m.c.i.p.ProjectConfigurationManager - Collecting project info '/pom.xml' C:\hcljava\Day23\EmployShowAnnotation\pom.xml
2019-09-03 09:43:58,690 [Worker-19] INFO  o.e.m.c.i.l.LifecycleMappingFactory - Using org.eclipse.m2e.jdt.JarLifecycleMapping lifecycle mapping for MavenProject: hcl:EmployShowAnnotation:0.0.1-SNAPSHOT @ C:\hcljava\Day23\EmployShowAnnotation\pom.xml.
2019-09-03 09:44:02,968 [Worker-19] INFO  o.e.m.j.i.AbstractJavaProjectConfigurator - Adding source folder /EmployShowAnnotation/src/main/java
2019-09-03 09:44:02,980 [Worker-19] INFO  o.e.m.j.i.AbstractJavaProjectConfigurator - Adding source folder /EmployShowAnnotation/src/test/java
2019-09-03 09:44:03,862 [Worker-19] INFO  o.e.m.c.i.p.ProjectConfigurationManager - Imported and configured 1 project(s) in 12 sec
2019-09-03 09:44:05,205 [Worker-20] INFO  o.e.m.c.i.embedder.EclipseLogger - Using 'UTF-8' encoding to copy filtered resources.
2019-09-03 09:44:05,205 [Worker-20] INFO  o.e.m.c.i.embedder.EclipseLogger - skip non existing resourceDirectory C:\hcljava\Day23\EmployShowAnnotation\src\main\resources
2019-09-03 09:44:05,208 [Worker-20] INFO  o.e.m.c.i.embedder.EclipseLogger - Using 'UTF-8' encoding to copy filtered resources.
2019-09-03 09:44:05,209 [Worker-20] INFO  o.e.m.c.i.embedder.EclipseLogger - skip non existing resourceDirectory C:\hcljava\Day23\EmployShowAnnotation\src\test\resources
2019-09-03 09:47:43,841 [Worker-22] INFO  o.e.m.c.i.l.LifecycleMappingFactory - Using org.eclipse.m2e.jdt.JarLifecycleMapping lifecycle mapping for MavenProject: hcl:EmployShowAnnotation:0.0.1-SNAPSHOT @ C:\hcljava\Day23\EmployShowAnnotation\pom.xml.
2019-09-03 09:47:45,935 [Worker-22] INFO  o.e.m.c.i.embedder.EclipseLogger - Using 'UTF-8' encoding to copy filtered resources.
2019-09-03 09:47:45,936 [Worker-22] INFO  o.e.m.c.i.embedder.EclipseLogger - skip non existing resourceDirectory C:\hcljava\Day23\EmployShowAnnotation\src\main\resources
2019-09-03 09:47:45,939 [Worker-22] INFO  o.e.m.c.i.embedder.EclipseLogger - Using 'UTF-8' encoding to copy filtered resources.
2019-09-03 09:47:45,939 [Worker-22] INFO  o.e.m.c.i.embedder.EclipseLogger - skip non existing resourceDirectory C:\hcljava\Day23\EmployShowAnnotation\src\test\resources
2019-09-03 09:47:47,624 [Worker-24] INFO  o.e.m.c.i.embedder.EclipseLogger - Using 'UTF-8' encoding to copy filtered resources.
2019-09-03 09:47:47,625 [Worker-24] INFO  o.e.m.c.i.embedder.EclipseLogger - skip non existing resourceDirectory C:\hcljava\Day23\EmployShowAnnotation\src\main\resources
2019-09-03 09:47:47,635 [Worker-24] INFO  o.e.m.c.i.embedder.EclipseLogger - Using 'UTF-8' encoding to copy filtered resources.
2019-09-03 09:47:47,635 [Worker-24] INFO  o.e.m.c.i.embedder.EclipseLogger - skip non existing resourceDirectory C:\hcljava\Day23\EmployShowAnnotation\src\test\resources
2019-09-03 09:48:22,028 [Worker-19] INFO  o.e.m.c.i.embedder.EclipseLogger - Using 'UTF-8' encoding to copy filtered resources.
2019-09-03 09:48:22,028 [Worker-19] INFO  o.e.m.c.i.embedder.EclipseLogger - skip non existing resourceDirectory C:\hcljava\Day23\EmployShowAnnotation\src\main\resources
2019-09-03 09:48:22,040 [Worker-19] INFO  o.e.m.c.i.embedder.EclipseLogger - Using 'UTF-8' encoding to copy filtered resources.
2019-09-03 09:48:22,057 [Worker-19] INFO  o.e.m.c.i.embedder.EclipseLogger - skip non existing resourceDirectory C:\hcljava\Day23\EmployShowAnnotation\src\test\resources
2019-09-03 09:48:23,410 [Worker-19] INFO  o.e.m.c.i.embedder.EclipseLogger - Using 'UTF-8' encoding to copy filtered resources.
2019-09-03 09:48:23,411 [Worker-19] INFO  o.e.m.c.i.embedder.EclipseLogger - skip non existing resourceDirectory C:\hcljava\Day23\EmployShowAnnotation\src\main\resources
2019-09-03 09:48:23,418 [Worker-19] INFO  o.e.m.c.i.embedder.EclipseLogger - Using 'UTF-8' encoding to copy filtered resources.
2019-09-03 09:48:23,434 [Worker-19] INFO  o.e.m.c.i.embedder.EclipseLogger - skip non existing resourceDirectory C:\hcljava\Day23\EmployShowAnnotation\src\test\resources
2019-09-03 09:49:20,193 [Worker-21] INFO  o.e.m.c.i.embedder.EclipseLogger - Using 'UTF-8' encoding to copy filtered resources.
2019-09-03 09:49:20,194 [Worker-21] INFO  o.e.m.c.i.embedder.EclipseLogger - skip non existing resourceDirectory C:\hcljava\Day23\EmployShowAnnotation\src\main\resources
2019-09-03 09:49:20,202 [Worker-21] INFO  o.e.m.c.i.embedder.EclipseLogger - Using 'UTF-8' encoding to copy filtered resources.
2019-09-03 09:49:20,209 [Worker-21] INFO  o.e.m.c.i.embedder.EclipseLogger - skip non existing resourceDirectory C:\hcljava\Day23\EmployShowAnnotation\src\test\resources
2019-09-03 09:49:57,094 [Worker-23] INFO  o.e.m.c.i.embedder.EclipseLogger - Using 'UTF-8' encoding to copy filtered resources.
2019-09-03 09:49:57,095 [Worker-23] INFO  o.e.m.c.i.embedder.EclipseLogger - skip non existing resourceDirectory C:\hcljava\Day23\EmployShowAnnotation\src\main\resources
2019-09-03 09:49:57,106 [Worker-23] INFO  o.e.m.c.i.embedder.EclipseLogger - Using 'UTF-8' encoding to copy filtered resources.
2019-09-03 09:49:57,113 [Worker-23] INFO  o.e.m.c.i.embedder.EclipseLogger - skip non existing resourceDirectory C:\hcljava\Day23\EmployShowAnnotation\src\test\resources
